<?xml version="1.0" encoding="UTF-8"?>
<Site BuildName="Linux-clang++"
	BuildStamp="20231025-0329-Experimental"
	Name="gregbowne"
	Generator="ctest-3.13.4"
	CompilerName="/usr/bin/clang++"
	CompilerVersion="7.0.1"
	OSName="Linux"
	Hostname="gregbowne"
	OSRelease="4.19.0-16-amd64"
	OSVersion="#1 SMP Debian 4.19.181-1 (2021-03-19)"
	OSPlatform="x86_64"
	Is64Bits="1"
	VendorString="GenuineIntel"
	VendorID="Intel Corporation"
	FamilyID="6"
	ModelID="58"
	ProcessorCacheSize="8192"
	NumberOfLogicalCPU="8"
	NumberOfPhysicalCPU="4"
	TotalVirtualMemory="2047"
	TotalPhysicalMemory="32069"
	LogicalProcessorsPerPhysical="2"
	ProcessorClockFrequency="3716.93"
	>
	<Testing>
		<StartDateTime>Oct 24 20:29 PDT</StartDateTime>
		<StartTestTime>1698204553</StartTestTime>
		<TestList/>
		<EndDateTime>Oct 24 20:29 PDT</EndDateTime>
		<EndTestTime>1698204553</EndTestTime>
		<ElapsedMinutes>0</ElapsedMinutes>
	</Testing>
</Site>
